<?xml version="1.0" encoding="UTF-8"?>
<!-- Generated by org.testng.reporters.JUnitReportReporter -->
<testsuite skipped="0" hostname="LAPTOP-PA1PEBT4" name="com.usa.loginfunctiontest.UPS_Login_Test" tests="1" failures="0" timestamp="10 Mar 2018 21:21:13 GMT" time="4.261" errors="0">
  <testcase name="test1" time="4.261" classname="com.usa.loginfunctiontest.UPS_Login_Test"/>
</testsuite> <!-- com.usa.loginfunctiontest.UPS_Login_Test -->
