<?xml version="1.0" encoding="UTF-8"?>
<!-- Generated by org.testng.reporters.JUnitReportReporter -->
<testsuite skipped="0" hostname="LAPTOP-PA1PEBT4" name="com.usa.runner.TestNGRunner" tests="1" failures="0" timestamp="03 Mar 2018 22:43:08 GMT" time="0.048" errors="0">
  <testcase name="feature" time="0.048" classname="com.usa.runner.TestNGRunner"/>
</testsuite> <!-- com.usa.runner.TestNGRunner -->
