<?xml version="1.0" encoding="UTF-8"?>
<!-- Generated by org.testng.reporters.JUnitReportReporter -->
<testsuite skipped="0" hostname="LAPTOP-PA1PEBT4" name="com.usa.runner.TestNGRunner" tests="1" failures="0" timestamp="10 Mar 2018 20:55:02 GMT" time="20.616" errors="0">
  <testcase name="feature" time="20.616" classname="com.usa.runner.TestNGRunner"/>
</testsuite> <!-- com.usa.runner.TestNGRunner -->
