<?xml version="1.0" encoding="UTF-8"?>
<!-- Generated by org.testng.reporters.JUnitReportReporter -->
<testsuite skipped="0" hostname="LAPTOP-PA1PEBT4" name="com.usa.runner.TestNGRunner" tests="1" failures="0" timestamp="04 Mar 2018 00:06:28 GMT" time="67.144" errors="0">
  <testcase name="feature" time="67.144" classname="com.usa.runner.TestNGRunner"/>
</testsuite> <!-- com.usa.runner.TestNGRunner -->
