<?xml version="1.0" encoding="UTF-8"?>
<!-- Generated by org.testng.reporters.JUnitReportReporter -->
<testsuite skipped="0" hostname="LAPTOP-PA1PEBT4" name="com.usa.loginfunctiontest.CheckTestng" tests="1" failures="0" timestamp="18 Mar 2018 00:04:32 GMT" time="9.879" errors="0">
  <testcase name="test2" time="9.879" classname="com.usa.loginfunctiontest.CheckTestng"/>
</testsuite> <!-- com.usa.loginfunctiontest.CheckTestng -->
