<?xml version="1.0" encoding="UTF-8"?>
<!-- Generated by org.testng.reporters.JUnitReportReporter -->
<testsuite skipped="0" hostname="LAPTOP-PA1PEBT4" name="Codes.codes" tests="1" failures="0" timestamp="11 Jul 2018 05:37:05 GMT" time="0.580" errors="0">
  <testcase name="codetest" time="0.580" classname="Codes.codes"/>
</testsuite> <!-- Codes.codes -->
