<?xml version="1.0" encoding="UTF-8"?>
<!-- Generated by org.testng.reporters.JUnitReportReporter -->
<testsuite skipped="0" hostname="LAPTOP-PA1PEBT4" name="TestRunner.TC02_Login" tests="1" failures="0" timestamp="07 May 2018 00:45:55 GMT" time="7.924" errors="0">
  <testcase name="feature" time="7.924" classname="TestRunner.TC02_Login"/>
</testsuite> <!-- TestRunner.TC02_Login -->
